Arguments: 
  C:\Program Files\nodejs\node.exe c:\users\juan\appdata\local\programs\python\python39\lib\site-packages\jupyterlab\staging\yarn.js install

PATH: 
  C:\ProgramData\Oracle\Java\javapath;C:\WINDOWS\system32;C:\WINDOWS;C:\WINDOWS\System32\Wbem;C:\WINDOWS\System32\WindowsPowerShell\v1.0\;C:\Program Files\Git\cmd;C:\Program Files\Microsoft SQL Server\130\Tools\Binn\;C:\Program Files\Amazon\AWSCLI\;C:\WINDOWS\System32\OpenSSH\;C:\Program Files (x86)\Microsoft VS Code\bin;C:\Program Files\MiKTeX 2.9\miktex\bin\x64\;C:\Program Files\PuTTY\;C:\Program Files\arduino-cli\;C:\Program Files (x86)\Arduino\;C:\Go\bin;C:\Strawberry\c\bin;C:\Strawberry\perl\site\bin;C:\Strawberry\perl\bin;C:\Program Files\nodejs\;C:\Users\Juan\AppData\Local\Programs\Python\Python39\Scripts\;C:\Users\Juan\AppData\Local\Programs\Python\Python39\;c:\jruby-9.1.8.0\bin;C:\Users\Juan\AppData\Local\Microsoft\WindowsApps;C:\Program Files (x86)\Microsoft VS Code\bin;C:\Program Files\Heroku\bin;C:\Users\Juan\go\bin;C:\Users\Juan\AppData\Roaming\npm;C:\Users\Juan\AppData\Local\Apps\Infocert\Dike GoSign\RAO

Yarn version: 
  1.21.1

Node version: 
  15.5.1

Platform: 
  win32 x64

Trace: 
  SyntaxError: C:\Users\Juan\Desktop\iot-notebook\package.json: Unexpected token } in JSON at position 1358
      at JSON.parse (<anonymous>)
      at c:\users\juan\appdata\local\programs\python\python39\lib\site-packages\jupyterlab\staging\yarn.js:1098:57
      at Generator.next (<anonymous>)
      at step (c:\users\juan\appdata\local\programs\python\python39\lib\site-packages\jupyterlab\staging\yarn.js:310:30)
      at c:\users\juan\appdata\local\programs\python\python39\lib\site-packages\jupyterlab\staging\yarn.js:321:13

npm manifest: 
  {
    "name": "iot-notebook",
    "version": "0.1.0",
    "description": "IoT Notebook Jupyter Lab extension",
    "keywords": [
      "jupyter",
      "jupyterlab",
      "jupyterlab-extension"
    ],
    "homepage": "https://git.elite.polito.it/iot-notebook/iot-notebook.git",
    "bugs": {
      "url": "https://git.elite.polito.it/iot-notebook/iot-notebook.git/issues"
    },
    "license": "BSD-3-Clause",
    "author": "Juan Pablo Sáenz",
    "files": [
      "lib/**/*.{d.ts,eot,gif,html,jpg,js,js.map,json,png,svg,woff2,ttf}",
      "style/**/*.{css,eot,gif,html,jpg,json,png,svg,woff2,ttf}"
    ],
    "main": "lib/index.js",
    "types": "lib/index.d.ts",
    "style": "style/index.css",
    "repository": {
      "type": "git",
      "url": "https://git.elite.polito.it/iot-notebook/iot-notebook.git.git"
    },
    "scripts": {
      "build": "tsc",
      "clean": "rimraf lib tsconfig.tsbuildinfo",
      "install-ext": "jupyter labextension install . --no-build",
      "eslint": "eslint . --ext .ts,.tsx --fix",
      "eslint:check": "eslint . --ext .ts,.tsx",
      "prepare": "jlpm run clean && jlpm run build",
      "watch": "tsc -w"
    },
    "dependencies": {
      "@babel/runtime": "7.0.0-beta.55",
      "@jupyterlab/application": "^2.2.6",
      "@jupyterlab/docmanager": "^2.2.4",
      "@jupyterlab/launcher": "^2.2.6",
      "@jupyterlab/notebook": "^2.2.7",
      "@jupyterlab/translation": "^3.0.0-beta.8",
    },
    "devDependencies": {
      "@typescript-eslint/eslint-plugin": "^2.25.0",
      "@typescript-eslint/parser": "^2.25.0",
      "eslint": "^6.8.0",
      "eslint-config-prettier": "^6.10.1",
      "eslint-plugin-prettier": "^3.1.2",
      "prettier": "1.16.4",
      "rimraf": "^2.6.1",
      "typescript": "~3.7.0"
    },
    "sideEffects": [
      "style/*.css"
    ],
    "jupyterlab": {
      "extension": true
    }
  }

yarn manifest: 
  No manifest

Lockfile: 
  No lockfile
